[19-Apr-2022 10:29:25 Europe/Prague] Xdebug: [Config] The setting 'xdebug.remote_autostart' has been renamed, see the upgrading guide at https://xdebug.org/docs/upgrade_guide#changed-xdebug.remote_autostart (See: https://xdebug.org/docs/errors#CFG-C-CHANGED)
[19-Apr-2022 10:29:25 Europe/Prague] Xdebug: [Config] The setting 'xdebug.remote_port' has been renamed, see the upgrading guide at https://xdebug.org/docs/upgrade_guide#changed-xdebug.remote_port (See: https://xdebug.org/docs/errors#CFG-C-CHANGED)
[19-Apr-2022 09:19:08 UTC] 2022-04-19T09:19:08+00:00 [critical] Uncaught Error: syntax error, unexpected token "return"
[19-Apr-2022 09:19:16 UTC] 2022-04-19T09:19:16+00:00 [info] User Deprecated: The "Symfony\Bridge\Doctrine\Logger\DbalLogger" class implements "Doctrine\DBAL\Logging\SQLLogger" that is deprecated Use {@see \Doctrine\DBAL\Logging\Middleware} or implement {@see \Doctrine\DBAL\Driver\Middleware} instead.
[19-Apr-2022 09:19:26 UTC] [critical] Error thrown while running command "doctrine:migrations:migrate". Message: "An exception occurred while executing a query: SQLSTATE[23000]: Integrity constraint violation: 1452 Cannot add or update a child row: a foreign key constraint fails (`odpady`.`#sql-1d95_15`, CONSTRAINT `FK_E11EE94D82F1BAF4` FOREIGN KEY (`language_id`) REFERENCES `languages` (`code`))"

[19-Apr-2022 09:26:25 UTC] 2022-04-19T09:26:25+00:00 [info] User Deprecated: The "Symfony\Bridge\Doctrine\Logger\DbalLogger" class implements "Doctrine\DBAL\Logging\SQLLogger" that is deprecated Use {@see \Doctrine\DBAL\Logging\Middleware} or implement {@see \Doctrine\DBAL\Driver\Middleware} instead.
[19-Apr-2022 09:26:46 UTC] [critical] Error thrown while running command "app:zotero:load frKDBp5JYt9xK2jdV7tKANwn 9200014". Message: "Typed property App\Entity\Item::$tags must not be accessed before initialization"

[19-Apr-2022 09:26:46 UTC] 2022-04-19T09:26:46+00:00 [critical] Uncaught Error: Typed property App\Entity\Item::$tags must not be accessed before initialization
[23-May-2022 19:06:01 UTC] [critical] Error thrown while running command "'doctrine:migrations:migrat'". Message: "An exception occurred while executing a query: SQLSTATE[22007]: Invalid datetime format: 1292 Incorrect datetime value: '0000-00-00 00:00:00' for column 'date_added' at row 1"

[23-May-2022 19:06:29 UTC] [critical] Error thrown while running command "'doctrine:migrations:migrat'". Message: "An exception occurred while executing a query: SQLSTATE[22007]: Invalid datetime format: 1292 Incorrect datetime value: '0000-00-00 00:00:00' for column 'date_added' at row 1"

[23-May-2022 19:10:35 UTC] [critical] Error thrown while running command "app:zotero:load frKDBp5JYt9xK2jdV7tKANwn 9200014". Message: "App\Entity\Item::setDateAdded(): Argument #1 ($dateAdded) must be of type DateTimeImmutable, string given, called in /home/themulti/PHP/odpady/src/Service/Zotero/LoadZoteroItems.php on line 122"

[23-May-2022 19:10:35 UTC] 2022-05-23T19:10:35+00:00 [critical] Uncaught Error: App\Entity\Item::setDateAdded(): Argument #1 ($dateAdded) must be of type DateTimeImmutable, string given, called in /home/themulti/PHP/odpady/src/Service/Zotero/LoadZoteroItems.php on line 122
[10-Aug-2022 19:57:11 UTC] 2022-08-10T19:57:11+00:00 [critical] Uncaught Error: Too few arguments to function App\Service\Statistic\FindData::getRegionDetails(), 0 passed in /var/www/html/src/Controller/Api/GeographyController.php on line 44 and exactly 1 expected
[10-Aug-2022 20:07:41 UTC] 2022-08-10T20:07:41+00:00 [critical] Uncaught Error: array_keys(): Argument #1 ($array) must be of type array, stdClass given
[10-Aug-2022 20:53:44 UTC] 2022-08-10T20:53:44+00:00 [critical] Uncaught Error: syntax error, unexpected token ")", expecting variable or "{" or "$"
[11-Aug-2022 17:27:05 UTC] 2022-08-11T17:27:05+00:00 [critical] Uncaught Exception: Invalid service "App\Command\ZoteroGetUserCommand": method "__construct()" has no argument named "$isDebug". Check your service definition.
[11-Aug-2022 17:28:14 UTC] 2022-08-11T17:28:14+00:00 [critical] Uncaught Exception: Invalid service id: "App\Controller\" in /var/www/html/config/services.yaml (which is being imported from "/var/www/html/src/Kernel.php").
[11-Aug-2022 17:45:41 UTC] 2022-08-11T17:45:41+00:00 [critical] Uncaught Error: array_key_exists() expects exactly 2 arguments, 1 given
[11-Aug-2022 18:10:49 UTC] 2022-08-11T18:10:49+00:00 [critical] Uncaught Error: Call to a member function getTrashes() on null
[11-Aug-2022 18:18:25 UTC] 2022-08-11T18:18:24+00:00 [critical] Uncaught Error: App\Controller\Api\Geography\RegionController::get(): Return value must be of type Symfony\Component\HttpFoundation\JsonResponse, none returned
[11-Aug-2022 18:28:03 UTC] 2022-08-11T18:28:03+00:00 [critical] Uncaught Error: syntax error, unexpected token "}", expecting ";"
[11-Aug-2022 18:28:09 UTC] 2022-08-11T18:28:09+00:00 [critical] Uncaught Error: App\Controller\Api\Geography\RegionController::get(): Return value must be of type Symfony\Component\HttpFoundation\JsonResponse, none returned
[11-Aug-2022 18:28:33 UTC] 2022-08-11T18:28:33+00:00 [critical] Uncaught Error: App\Controller\Api\Geography\RegionController::get(): Return value must be of type Symfony\Component\HttpFoundation\JsonResponse, array returned
[12-Aug-2022 08:46:46 UTC] 2022-08-12T08:46:46+00:00 [critical] Uncaught Error: Undefined constant App\Service\Geojson\Region\AllDistrictsBordersRegionDataComposer::BORDERS_FOLDER
[12-Aug-2022 08:47:05 UTC] 2022-08-12T08:47:05+00:00 [critical] Uncaught Error: Undefined constant App\Service\Geojson\Region\AllDistrictsBordersRegionDataComposer::BORDERS_FOLDER
[22-Sep-2022 09:39:51 UTC] 2022-09-22T09:39:51+00:00 [critical] Uncaught Error: explode(): Argument #1 ($separator) cannot be empty
[28-Sep-2022 11:19:30 UTC] 2022-09-28T11:19:30+00:00 [critical] Uncaught Error: Call to undefined method App\Controller\Api\ItemsController::isDirty()
[28-Sep-2022 11:33:05 UTC] 2022-09-28T11:33:05+00:00 [critical] Uncaught Error: Call to a member function getBreadcrumbs() on null
[01-Nov-2022 20:16:45 UTC] 2022-11-01T20:16:45+00:00 [critical] Uncaught Error: syntax error, unexpected token "}"
[01-Nov-2022 20:21:44 UTC] 2022-11-01T20:21:44+00:00 [critical] Uncaught Error: App\Service\Zotero\Updated\Entity\TranslatableZoteroEntity::__construct(): Argument #2 ($key) must be of type string, null given, called in /var/www/html/src/Service/Zotero/Updated/Entity/Item.php on line 50
[01-Nov-2022 20:35:45 UTC] 2022-11-01T20:35:45+00:00 [critical] Uncaught Error: Call to undefined method App\Service\Zotero\Updated\Entity\Collection::addCollection()
[01-Nov-2022 20:35:53 UTC] 2022-11-01T20:35:53+00:00 [critical] Uncaught Error: Call to undefined method App\Service\Zotero\Updated\Entity\Collection::addCollection()
[01-Nov-2022 21:26:38 UTC] 2022-11-01T21:26:38+00:00 [critical] Uncaught Error: DateTime::createFromImmutable(): Argument #1 ($object) must be of type DateTimeImmutable, null given
[01-Nov-2022 22:14:33 UTC] PHP Fatal error:  Composer detected issues in your platform: Your Composer dependencies require a PHP version ">= 8.1.1". You are running 8.0.24. in /home/vvoleman/hcwm/hcwm/vendor/composer/platform_check.php on line 24
[01-Nov-2022 22:14:33 UTC] PHP Stack trace:
[01-Nov-2022 22:14:33 UTC] PHP   1. {main}() /home/vvoleman/hcwm/hcwm/bin/console:0
[01-Nov-2022 22:14:33 UTC] PHP   2. require_once() /home/vvoleman/hcwm/hcwm/bin/console:11
[01-Nov-2022 22:14:33 UTC] PHP   3. require_once() /home/vvoleman/hcwm/hcwm/vendor/autoload_runtime.php:5
[01-Nov-2022 22:14:33 UTC] PHP   4. ComposerAutoloaderInitcc5c9b7f4106d091254852138e4690b0::getLoader() /home/vvoleman/hcwm/hcwm/vendor/autoload.php:7
[01-Nov-2022 22:14:33 UTC] PHP   5. require() /home/vvoleman/hcwm/hcwm/vendor/composer/autoload_real.php:25
[01-Nov-2022 22:14:33 UTC] PHP   6. trigger_error($message = 'Composer detected issues in your platform: Your Composer dependencies require a PHP version ">= 8.1.1". You are running 8.0.24.', $error_level = 256) /home/vvoleman/hcwm/hcwm/vendor/composer/platform_check.php:24
[01-Nov-2022 22:14:49 UTC] PHP Fatal error:  Composer detected issues in your platform: Your Composer dependencies require a PHP version ">= 8.1.1". You are running 8.0.24. in /home/vvoleman/hcwm/hcwm/vendor/composer/platform_check.php on line 24
[01-Nov-2022 22:14:49 UTC] PHP Stack trace:
[01-Nov-2022 22:14:49 UTC] PHP   1. {main}() /home/vvoleman/hcwm/hcwm/bin/console:0
[01-Nov-2022 22:14:49 UTC] PHP   2. require_once() /home/vvoleman/hcwm/hcwm/bin/console:11
[01-Nov-2022 22:14:49 UTC] PHP   3. require_once() /home/vvoleman/hcwm/hcwm/vendor/autoload_runtime.php:5
[01-Nov-2022 22:14:49 UTC] PHP   4. ComposerAutoloaderInitcc5c9b7f4106d091254852138e4690b0::getLoader() /home/vvoleman/hcwm/hcwm/vendor/autoload.php:7
[01-Nov-2022 22:14:49 UTC] PHP   5. require() /home/vvoleman/hcwm/hcwm/vendor/composer/autoload_real.php:25
[01-Nov-2022 22:14:49 UTC] PHP   6. trigger_error($message = 'Composer detected issues in your platform: Your Composer dependencies require a PHP version ">= 8.1.1". You are running 8.0.24.', $error_level = 256) /home/vvoleman/hcwm/hcwm/vendor/composer/platform_check.php:24
